<?xml version="1.0" encoding="UTF-8"?>
<testsuite xmlns:xsi="http://www.w3.org/2001/XMLSchema-instance" xsi:noNamespaceSchemaLocation="https://maven.apache.org/surefire/maven-surefire-plugin/xsd/surefire-test-report.xsd" name="com.conduent.plcl.batch.PLCLIntegrationTest" time="0.566" tests="5" errors="0" skipped="5" failures="0">
  <properties>
[...]
</properties>
  <testcase name="testReadFlatFileJob" classname="com.conduent.plcl.batch.PLCLIntegrationTest" time="0">
    <skipped/>
    <system-out><![CDATA[12:31:34.448 [main] DEBUG org.springframework.test.context.junit4.SpringJUnit4ClassRunner - SpringJUnit4ClassRunner constructor called with [class com.conduent.plcl.batch.PLCLIntegrationTest]
12:31:34.453 [main] DEBUG org.springframework.test.context.BootstrapUtils - Instantiating CacheAwareContextLoaderDelegate from class [org.springframework.test.context.cache.DefaultCacheAwareContextLoaderDelegate]
12:31:34.461 [main] DEBUG org.springframework.test.context.BootstrapUtils - Instantiating BootstrapContext using constructor [public org.springframework.test.context.support.DefaultBootstrapContext(java.lang.Class,org.springframework.test.context.CacheAwareContextLoaderDelegate)]
12:31:34.480 [main] DEBUG org.springframework.test.context.BootstrapUtils - Instantiating TestContextBootstrapper for test class [com.conduent.plcl.batch.PLCLIntegrationTest] from class [org.springframework.boot.test.context.SpringBootTestContextBootstrapper]
12:31:34.502 [main] INFO org.springframework.boot.test.context.SpringBootTestContextBootstrapper - Neither @ContextConfiguration nor @ContextHierarchy found for test class [com.conduent.plcl.batch.PLCLIntegrationTest], using SpringBootContextLoader
12:31:34.506 [main] DEBUG org.springframework.test.context.support.AbstractContextLoader - Did not detect default resource location for test class [com.conduent.plcl.batch.PLCLIntegrationTest]: class path resource [com/conduent/plcl/batch/PLCLIntegrationTest-context.xml] does not exist
12:31:34.506 [main] DEBUG org.springframework.test.context.support.AbstractContextLoader - Did not detect default resource location for test class [com.conduent.plcl.batch.PLCLIntegrationTest]: class path resource [com/conduent/plcl/batch/PLCLIntegrationTestContext.groovy] does not exist
12:31:34.506 [main] INFO org.springframework.test.context.support.AbstractContextLoader - Could not detect default resource locations for test class [com.conduent.plcl.batch.PLCLIntegrationTest]: no resource found for suffixes {-context.xml, Context.groovy}.
12:31:34.558 [main] DEBUG org.springframework.test.context.support.ActiveProfilesUtils - Could not find an 'annotation declaring class' for annotation type [org.springframework.test.context.ActiveProfiles] and class [com.conduent.plcl.batch.PLCLIntegrationTest]
12:31:34.680 [main] INFO org.springframework.boot.test.context.SpringBootTestContextBootstrapper - Using TestExecutionListeners: [org.springframework.test.context.support.DependencyInjectionTestExecutionListener@77847718, org.springframework.batch.test.StepScopeTestExecutionListener@7f3b84b8]
12:31:34.681 [main] DEBUG org.springframework.test.annotation.ProfileValueUtils - Retrieved @ProfileValueSourceConfiguration [null] for test class [com.conduent.plcl.batch.PLCLIntegrationTest]
12:31:34.682 [main] DEBUG org.springframework.test.annotation.ProfileValueUtils - Retrieved ProfileValueSource type [class org.springframework.test.annotation.SystemProfileValueSource] for class [com.conduent.plcl.batch.PLCLIntegrationTest]
12:31:34.684 [main] DEBUG org.springframework.test.annotation.ProfileValueUtils - Retrieved @ProfileValueSourceConfiguration [null] for test class [com.conduent.plcl.batch.PLCLIntegrationTest]
12:31:34.684 [main] DEBUG org.springframework.test.annotation.ProfileValueUtils - Retrieved ProfileValueSource type [class org.springframework.test.annotation.SystemProfileValueSource] for class [com.conduent.plcl.batch.PLCLIntegrationTest]
12:31:34.685 [main] DEBUG org.springframework.test.annotation.ProfileValueUtils - Retrieved @ProfileValueSourceConfiguration [null] for test class [com.conduent.plcl.batch.PLCLIntegrationTest]
12:31:34.685 [main] DEBUG org.springframework.test.annotation.ProfileValueUtils - Retrieved ProfileValueSource type [class org.springframework.test.annotation.SystemProfileValueSource] for class [com.conduent.plcl.batch.PLCLIntegrationTest]
]]></system-out>
  </testcase>
  <testcase name="testLineMapper" classname="com.conduent.plcl.batch.PLCLIntegrationTest" time="0">
    <skipped/>
  </testcase>
  <testcase name="testProcessor" classname="com.conduent.plcl.batch.PLCLIntegrationTest" time="0">
    <skipped/>
  </testcase>
  <testcase name="testRecordCount" classname="com.conduent.plcl.batch.PLCLIntegrationTest" time="0">
    <skipped/>
  </testcase>
  <testcase name="testFileTokenizer" classname="com.conduent.plcl.batch.PLCLIntegrationTest" time="0">
    <skipped/>
  </testcase>
</testsuite>